<?xml version="1.0" encoding="UTF-8"?>
<!-- Generated by org.testng.reporters.JUnitReportReporter -->
<testsuite skipped="0" hostname="mypc-PC" name="cucumber.cucumberSep1920.AppTest" tests="1" failures="0" timestamp="27 Sep 2020 09:21:08 GMT" time="0.006" errors="0">
  <testcase name="shouldAnswerWithTrue" time="0.006" classname="cucumber.cucumberSep1920.AppTest"/>
</testsuite> <!-- cucumber.cucumberSep1920.AppTest -->
